0 info it worked if it ends with ok
1 verbose cli [ '/usr/bin/node', '/usr/bin/npm', 'i', '--save', 'bcryptjs' ]
2 info using npm@3.5.2
3 info using node@v8.10.0
4 silly loadCurrentTree Starting
5 silly install loadCurrentTree
6 silly install readLocalPackageData
7 silly fetchPackageMetaData bcryptjs
8 silly fetchNamedPackageData bcryptjs
9 silly mapToRegistry name bcryptjs
10 silly mapToRegistry using default registry
11 silly mapToRegistry registry https://registry.npmjs.org/
12 silly mapToRegistry uri https://registry.npmjs.org/bcryptjs
13 verbose request uri https://registry.npmjs.org/bcryptjs
14 verbose request no auth needed
15 info attempt registry request try #1 at 10:24:26 PM
16 verbose request id c411210e91d47e16
17 verbose etag W/"5bf13bbe12ee6064dc3ef333523aee28"
18 verbose lastModified Fri, 01 Mar 2019 19:24:31 GMT
19 http request GET https://registry.npmjs.org/bcryptjs
20 http 304 https://registry.npmjs.org/bcryptjs
21 verbose headers { date: 'Mon, 27 Apr 2020 20:24:26 GMT',
21 verbose headers   connection: 'keep-alive',
21 verbose headers   'set-cookie':
21 verbose headers    [ '__cfduid=d7717a8fb96226f86181157047e62713f1588019066; expires=Wed, 27-May-20 20:24:26 GMT; path=/; domain=.npmjs.org; HttpOnly; SameSite=Lax' ],
21 verbose headers   'cf-ray': '58ab445efc62a8a9-CDG',
21 verbose headers   age: '299',
21 verbose headers   'cache-control': 'public, max-age=300',
21 verbose headers   etag: '"5bf13bbe12ee6064dc3ef333523aee28"',
21 verbose headers   'last-modified': 'Fri, 01 Mar 2019 19:24:31 GMT',
21 verbose headers   vary: 'Accept-Encoding',
21 verbose headers   'cf-cache-status': 'HIT',
21 verbose headers   'expect-ct': 'max-age=604800, report-uri="https://report-uri.cloudflare.com/cdn-cgi/beacon/expect-ct"',
21 verbose headers   server: 'cloudflare',
21 verbose headers   'cf-request-id': '025ee90f580000a8a9b0bad200000001' }
22 silly get cb [ 304,
22 silly get   { date: 'Mon, 27 Apr 2020 20:24:26 GMT',
22 silly get     connection: 'keep-alive',
22 silly get     'set-cookie':
22 silly get      [ '__cfduid=d7717a8fb96226f86181157047e62713f1588019066; expires=Wed, 27-May-20 20:24:26 GMT; path=/; domain=.npmjs.org; HttpOnly; SameSite=Lax' ],
22 silly get     'cf-ray': '58ab445efc62a8a9-CDG',
22 silly get     age: '299',
22 silly get     'cache-control': 'public, max-age=300',
22 silly get     etag: '"5bf13bbe12ee6064dc3ef333523aee28"',
22 silly get     'last-modified': 'Fri, 01 Mar 2019 19:24:31 GMT',
22 silly get     vary: 'Accept-Encoding',
22 silly get     'cf-cache-status': 'HIT',
22 silly get     'expect-ct': 'max-age=604800, report-uri="https://report-uri.cloudflare.com/cdn-cgi/beacon/expect-ct"',
22 silly get     server: 'cloudflare',
22 silly get     'cf-request-id': '025ee90f580000a8a9b0bad200000001' } ]
23 verbose etag https://registry.npmjs.org/bcryptjs from cache
24 verbose get saving bcryptjs to /home/choubi/.npm/registry.npmjs.org/bcryptjs/.cache.json
25 silly install normalizeTree
26 silly loadCurrentTree Finishing
27 silly loadIdealTree Starting
28 silly install loadIdealTree
29 silly cloneCurrentTree Starting
30 silly install cloneCurrentTreeToIdealTree
31 silly cloneCurrentTree Finishing
32 silly loadShrinkwrap Starting
33 silly install loadShrinkwrap
34 silly loadShrinkwrap Finishing
35 silly loadAllDepsIntoIdealTree Starting
36 silly install loadAllDepsIntoIdealTree
37 silly resolveWithNewModule bcryptjs@2.4.3 checking installable status
38 silly cache add args [ 'bcryptjs', null ]
39 verbose cache add spec bcryptjs
40 silly cache add parsed spec Result {
40 silly cache add   raw: 'bcryptjs',
40 silly cache add   scope: null,
40 silly cache add   name: 'bcryptjs',
40 silly cache add   rawSpec: '',
40 silly cache add   spec: 'latest',
40 silly cache add   type: 'tag' }
41 silly addNamed bcryptjs@latest
42 verbose addNamed "latest" is being treated as a dist-tag for bcryptjs
43 info addNameTag [ 'bcryptjs', 'latest' ]
44 silly mapToRegistry name bcryptjs
45 silly mapToRegistry using default registry
46 silly mapToRegistry registry https://registry.npmjs.org/
47 silly mapToRegistry uri https://registry.npmjs.org/bcryptjs
48 verbose addNameTag registry:https://registry.npmjs.org/bcryptjs not in flight; fetching
49 verbose get https://registry.npmjs.org/bcryptjs not expired, no request
50 silly addNameTag next cb for bcryptjs with tag latest
51 silly addNamed bcryptjs@2.4.3
52 verbose addNamed "2.4.3" is a plain semver version for bcryptjs
53 silly cache afterAdd bcryptjs@2.4.3
54 verbose afterAdd /home/choubi/.npm/bcryptjs/2.4.3/package/package.json not in flight; writing
55 verbose afterAdd /home/choubi/.npm/bcryptjs/2.4.3/package/package.json written
56 silly fetchNamedPackageData fsevents
57 silly mapToRegistry name fsevents
58 silly mapToRegistry using default registry
59 silly mapToRegistry registry https://registry.npmjs.org/
60 silly mapToRegistry uri https://registry.npmjs.org/fsevents
61 verbose request uri https://registry.npmjs.org/fsevents
62 verbose request no auth needed
63 info attempt registry request try #1 at 10:24:27 PM
64 verbose etag W/"9d6da20f3e815d37983abe152bfb2bfa"
65 verbose lastModified Wed, 22 Apr 2020 16:18:54 GMT
66 http request GET https://registry.npmjs.org/fsevents
67 http 304 https://registry.npmjs.org/fsevents
68 verbose headers { date: 'Mon, 27 Apr 2020 20:24:27 GMT',
68 verbose headers   connection: 'keep-alive',
68 verbose headers   'set-cookie':
68 verbose headers    [ '__cfduid=db6931417f9b6b8efc01401482ade58011588019067; expires=Wed, 27-May-20 20:24:27 GMT; path=/; domain=.npmjs.org; HttpOnly; SameSite=Lax' ],
68 verbose headers   'cf-ray': '58ab446418cfa8a9-CDG',
68 verbose headers   age: '1750',
68 verbose headers   'cache-control': 'public, max-age=300',
68 verbose headers   etag: '"9d6da20f3e815d37983abe152bfb2bfa"',
68 verbose headers   'last-modified': 'Wed, 22 Apr 2020 16:18:54 GMT',
68 verbose headers   vary: 'Accept-Encoding',
68 verbose headers   'cf-cache-status': 'HIT',
68 verbose headers   'expect-ct': 'max-age=604800, report-uri="https://report-uri.cloudflare.com/cdn-cgi/beacon/expect-ct"',
68 verbose headers   server: 'cloudflare',
68 verbose headers   'cf-request-id': '025ee9128b0000a8a9b0bd8200000001' }
69 silly get cb [ 304,
69 silly get   { date: 'Mon, 27 Apr 2020 20:24:27 GMT',
69 silly get     connection: 'keep-alive',
69 silly get     'set-cookie':
69 silly get      [ '__cfduid=db6931417f9b6b8efc01401482ade58011588019067; expires=Wed, 27-May-20 20:24:27 GMT; path=/; domain=.npmjs.org; HttpOnly; SameSite=Lax' ],
69 silly get     'cf-ray': '58ab446418cfa8a9-CDG',
69 silly get     age: '1750',
69 silly get     'cache-control': 'public, max-age=300',
69 silly get     etag: '"9d6da20f3e815d37983abe152bfb2bfa"',
69 silly get     'last-modified': 'Wed, 22 Apr 2020 16:18:54 GMT',
69 silly get     vary: 'Accept-Encoding',
69 silly get     'cf-cache-status': 'HIT',
69 silly get     'expect-ct': 'max-age=604800, report-uri="https://report-uri.cloudflare.com/cdn-cgi/beacon/expect-ct"',
69 silly get     server: 'cloudflare',
69 silly get     'cf-request-id': '025ee9128b0000a8a9b0bd8200000001' } ]
70 verbose etag https://registry.npmjs.org/fsevents from cache
71 verbose get saving fsevents to /home/choubi/.npm/registry.npmjs.org/fsevents/.cache.json
72 silly resolveWithNewModule fsevents@2.1.3 checking installable status
73 silly loadAllDepsIntoIdealTree Finishing
74 silly idealTree:prePrune server@1.0.0
74 silly idealTree:prePrune ├── @sindresorhus/is@0.14.0
74 silly idealTree:prePrune ├── @szmarczak/http-timer@1.1.2
74 silly idealTree:prePrune ├── @types/color-name@1.1.1
74 silly idealTree:prePrune ├── abbrev@1.1.1
74 silly idealTree:prePrune ├── accepts@1.3.7
74 silly idealTree:prePrune ├─┬ ansi-align@3.0.0
74 silly idealTree:prePrune │ └── string-width@3.1.0
74 silly idealTree:prePrune ├── ansi-regex@4.1.0
74 silly idealTree:prePrune ├── ansi-styles@4.2.1
74 silly idealTree:prePrune ├── anymatch@3.1.1
74 silly idealTree:prePrune ├── array-flatten@1.1.1
74 silly idealTree:prePrune ├── balanced-match@1.0.0
74 silly idealTree:prePrune ├── bcryptjs@2.4.3
74 silly idealTree:prePrune ├── binary-extensions@2.0.0
74 silly idealTree:prePrune ├── bl@2.2.0
74 silly idealTree:prePrune ├── bluebird@3.5.1
74 silly idealTree:prePrune ├── body-parser@1.19.0
74 silly idealTree:prePrune ├── boxen@4.2.0
74 silly idealTree:prePrune ├── brace-expansion@1.1.11
74 silly idealTree:prePrune ├── braces@3.0.2
74 silly idealTree:prePrune ├── bson@1.1.4
74 silly idealTree:prePrune ├── bytes@3.1.0
74 silly idealTree:prePrune ├─┬ cacheable-request@6.1.0
74 silly idealTree:prePrune │ ├── get-stream@5.1.0
74 silly idealTree:prePrune │ └── lowercase-keys@2.0.0
74 silly idealTree:prePrune ├── camelcase@5.3.1
74 silly idealTree:prePrune ├─┬ chalk@3.0.0
74 silly idealTree:prePrune │ ├── has-flag@4.0.0
74 silly idealTree:prePrune │ └── supports-color@7.1.0
74 silly idealTree:prePrune ├── chokidar@3.4.0
74 silly idealTree:prePrune ├── ci-info@2.0.0
74 silly idealTree:prePrune ├── cli-boxes@2.2.0
74 silly idealTree:prePrune ├── clone-response@1.0.2
74 silly idealTree:prePrune ├── color-convert@2.0.1
74 silly idealTree:prePrune ├── color-name@1.1.4
74 silly idealTree:prePrune ├── concat-map@0.0.1
74 silly idealTree:prePrune ├── configstore@5.0.1
74 silly idealTree:prePrune ├── content-disposition@0.5.3
74 silly idealTree:prePrune ├── content-type@1.0.4
74 silly idealTree:prePrune ├── cookie-signature@1.0.6
74 silly idealTree:prePrune ├── cookie@0.4.0
74 silly idealTree:prePrune ├── core-util-is@1.0.2
74 silly idealTree:prePrune ├── cors@2.8.5
74 silly idealTree:prePrune ├── crypto-random-string@2.0.0
74 silly idealTree:prePrune ├── debug@2.6.9
74 silly idealTree:prePrune ├── decompress-response@3.3.0
74 silly idealTree:prePrune ├── deep-extend@0.6.0
74 silly idealTree:prePrune ├── defer-to-connect@1.1.3
74 silly idealTree:prePrune ├── denque@1.4.1
74 silly idealTree:prePrune ├── depd@1.1.2
74 silly idealTree:prePrune ├── destroy@1.0.4
74 silly idealTree:prePrune ├── dot-prop@5.2.0
74 silly idealTree:prePrune ├── dotenv@8.2.0
74 silly idealTree:prePrune ├── duplexer3@0.1.4
74 silly idealTree:prePrune ├── ee-first@1.1.1
74 silly idealTree:prePrune ├── emoji-regex@7.0.3
74 silly idealTree:prePrune ├── encodeurl@1.0.2
74 silly idealTree:prePrune ├── end-of-stream@1.4.4
74 silly idealTree:prePrune ├── escape-goat@2.1.1
74 silly idealTree:prePrune ├── escape-html@1.0.3
74 silly idealTree:prePrune ├── etag@1.8.1
74 silly idealTree:prePrune ├── express@4.17.1
74 silly idealTree:prePrune ├── fill-range@7.0.1
74 silly idealTree:prePrune ├── finalhandler@1.1.2
74 silly idealTree:prePrune ├── forwarded@0.1.2
74 silly idealTree:prePrune ├── fresh@0.5.2
74 silly idealTree:prePrune ├── get-stream@4.1.0
74 silly idealTree:prePrune ├── glob-parent@5.1.1
74 silly idealTree:prePrune ├── global-dirs@2.0.1
74 silly idealTree:prePrune ├── got@9.6.0
74 silly idealTree:prePrune ├── graceful-fs@4.2.3
74 silly idealTree:prePrune ├── has-flag@3.0.0
74 silly idealTree:prePrune ├── has-yarn@2.1.0
74 silly idealTree:prePrune ├── http-cache-semantics@4.1.0
74 silly idealTree:prePrune ├── http-errors@1.7.2
74 silly idealTree:prePrune ├── iconv-lite@0.4.24
74 silly idealTree:prePrune ├── ignore-by-default@1.0.1
74 silly idealTree:prePrune ├── import-lazy@2.1.0
74 silly idealTree:prePrune ├── imurmurhash@0.1.4
74 silly idealTree:prePrune ├── inherits@2.0.3
74 silly idealTree:prePrune ├── ini@1.3.5
74 silly idealTree:prePrune ├── ipaddr.js@1.9.1
74 silly idealTree:prePrune ├── is-binary-path@2.1.0
74 silly idealTree:prePrune ├── is-ci@2.0.0
74 silly idealTree:prePrune ├── is-extglob@2.1.1
74 silly idealTree:prePrune ├── is-fullwidth-code-point@2.0.0
74 silly idealTree:prePrune ├── is-glob@4.0.1
74 silly idealTree:prePrune ├── is-installed-globally@0.3.2
74 silly idealTree:prePrune ├── is-npm@4.0.0
74 silly idealTree:prePrune ├── is-number@7.0.0
74 silly idealTree:prePrune ├── is-obj@2.0.0
74 silly idealTree:prePrune ├── is-path-inside@3.0.2
74 silly idealTree:prePrune ├── is-typedarray@1.0.0
74 silly idealTree:prePrune ├── is-yarn-global@0.3.0
74 silly idealTree:prePrune ├── isarray@1.0.0
74 silly idealTree:prePrune ├── json-buffer@3.0.0
74 silly idealTree:prePrune ├── kareem@2.3.1
74 silly idealTree:prePrune ├── keyv@3.1.0
74 silly idealTree:prePrune ├── latest-version@5.1.0
74 silly idealTree:prePrune ├── lowercase-keys@1.0.1
74 silly idealTree:prePrune ├─┬ make-dir@3.1.0
74 silly idealTree:prePrune │ └── semver@6.3.0
74 silly idealTree:prePrune ├── media-typer@0.3.0
74 silly idealTree:prePrune ├── memory-pager@1.5.0
74 silly idealTree:prePrune ├── merge-descriptors@1.0.1
74 silly idealTree:prePrune ├── methods@1.1.2
74 silly idealTree:prePrune ├── mime-db@1.44.0
74 silly idealTree:prePrune ├── mime-types@2.1.27
74 silly idealTree:prePrune ├── mime@1.6.0
74 silly idealTree:prePrune ├── mimic-response@1.0.1
74 silly idealTree:prePrune ├── minimatch@3.0.4
74 silly idealTree:prePrune ├── minimist@1.2.5
74 silly idealTree:prePrune ├── mongodb@3.5.6
74 silly idealTree:prePrune ├── mongoose-legacy-pluralize@1.0.2
74 silly idealTree:prePrune ├─┬ mongoose@5.9.10
74 silly idealTree:prePrune │ └── ms@2.1.2
74 silly idealTree:prePrune ├── mpath@0.7.0
74 silly idealTree:prePrune ├─┬ mquery@3.2.2
74 silly idealTree:prePrune │ └── debug@3.1.0
74 silly idealTree:prePrune ├── ms@2.0.0
74 silly idealTree:prePrune ├── negotiator@0.6.2
74 silly idealTree:prePrune ├─┬ nodemon@2.0.3
74 silly idealTree:prePrune │ ├── debug@3.2.6
74 silly idealTree:prePrune │ └── ms@2.1.2
74 silly idealTree:prePrune ├── nopt@1.0.10
74 silly idealTree:prePrune ├── normalize-path@3.0.0
74 silly idealTree:prePrune ├── normalize-url@4.5.0
74 silly idealTree:prePrune ├── object-assign@4.1.1
74 silly idealTree:prePrune ├── on-finished@2.3.0
74 silly idealTree:prePrune ├── once@1.4.0
74 silly idealTree:prePrune ├── p-cancelable@1.1.0
74 silly idealTree:prePrune ├─┬ package-json@6.5.0
74 silly idealTree:prePrune │ └── semver@6.3.0
74 silly idealTree:prePrune ├── parseurl@1.3.3
74 silly idealTree:prePrune ├── path-to-regexp@0.1.7
74 silly idealTree:prePrune ├── picomatch@2.2.2
74 silly idealTree:prePrune ├── prepend-http@2.0.0
74 silly idealTree:prePrune ├── process-nextick-args@2.0.1
74 silly idealTree:prePrune ├── proxy-addr@2.0.6
74 silly idealTree:prePrune ├── pstree.remy@1.1.7
74 silly idealTree:prePrune ├── pump@3.0.0
74 silly idealTree:prePrune ├── pupa@2.0.1
74 silly idealTree:prePrune ├── qs@6.7.0
74 silly idealTree:prePrune ├── range-parser@1.2.1
74 silly idealTree:prePrune ├── raw-body@2.4.0
74 silly idealTree:prePrune ├── rc@1.2.8
74 silly idealTree:prePrune ├── readable-stream@2.3.7
74 silly idealTree:prePrune ├── readdirp@3.4.0
74 silly idealTree:prePrune ├── regexp-clone@1.0.0
74 silly idealTree:prePrune ├── registry-auth-token@4.1.1
74 silly idealTree:prePrune ├── registry-url@5.1.0
74 silly idealTree:prePrune ├── require_optional@1.0.1
74 silly idealTree:prePrune ├── resolve-from@2.0.0
74 silly idealTree:prePrune ├── responselike@1.0.2
74 silly idealTree:prePrune ├── safe-buffer@5.1.2
74 silly idealTree:prePrune ├── safer-buffer@2.1.2
74 silly idealTree:prePrune ├── saslprep@1.0.3
74 silly idealTree:prePrune ├─┬ semver-diff@3.1.1
74 silly idealTree:prePrune │ └── semver@6.3.0
74 silly idealTree:prePrune ├── semver@5.7.1
74 silly idealTree:prePrune ├─┬ send@0.17.1
74 silly idealTree:prePrune │ └── ms@2.1.1
74 silly idealTree:prePrune ├── serve-static@1.14.1
74 silly idealTree:prePrune ├── setprototypeof@1.1.1
74 silly idealTree:prePrune ├── sift@7.0.1
74 silly idealTree:prePrune ├── signal-exit@3.0.3
74 silly idealTree:prePrune ├── sliced@1.0.1
74 silly idealTree:prePrune ├── sparse-bitfield@3.0.3
74 silly idealTree:prePrune ├── statuses@1.5.0
74 silly idealTree:prePrune ├── string_decoder@1.1.1
74 silly idealTree:prePrune ├─┬ string-width@4.2.0
74 silly idealTree:prePrune │ ├── ansi-regex@5.0.0
74 silly idealTree:prePrune │ ├── emoji-regex@8.0.0
74 silly idealTree:prePrune │ ├── is-fullwidth-code-point@3.0.0
74 silly idealTree:prePrune │ └── strip-ansi@6.0.0
74 silly idealTree:prePrune ├── strip-ansi@5.2.0
74 silly idealTree:prePrune ├── strip-json-comments@2.0.1
74 silly idealTree:prePrune ├── supports-color@5.5.0
74 silly idealTree:prePrune ├── term-size@2.2.0
74 silly idealTree:prePrune ├── to-readable-stream@1.0.0
74 silly idealTree:prePrune ├── to-regex-range@5.0.1
74 silly idealTree:prePrune ├── toidentifier@1.0.0
74 silly idealTree:prePrune ├── touch@3.1.0
74 silly idealTree:prePrune ├── type-fest@0.8.1
74 silly idealTree:prePrune ├── type-is@1.6.18
74 silly idealTree:prePrune ├── typedarray-to-buffer@3.1.5
74 silly idealTree:prePrune ├── undefsafe@2.0.3
74 silly idealTree:prePrune ├── unique-string@2.0.0
74 silly idealTree:prePrune ├── unpipe@1.0.0
74 silly idealTree:prePrune ├── update-notifier@4.1.0
74 silly idealTree:prePrune ├── url-parse-lax@3.0.0
74 silly idealTree:prePrune ├── util-deprecate@1.0.2
74 silly idealTree:prePrune ├── utils-merge@1.0.1
74 silly idealTree:prePrune ├── validator@13.0.0
74 silly idealTree:prePrune ├── vary@1.1.2
74 silly idealTree:prePrune ├── widest-line@3.1.0
74 silly idealTree:prePrune ├── wrappy@1.0.2
74 silly idealTree:prePrune ├── write-file-atomic@3.0.3
74 silly idealTree:prePrune └── xdg-basedir@4.0.0
75 silly loadIdealTree Finishing
76 silly currentTree server@1.0.0
76 silly currentTree ├── @sindresorhus/is@0.14.0
76 silly currentTree ├── @szmarczak/http-timer@1.1.2
76 silly currentTree ├── @types/color-name@1.1.1
76 silly currentTree ├── abbrev@1.1.1
76 silly currentTree ├── accepts@1.3.7
76 silly currentTree ├─┬ ansi-align@3.0.0
76 silly currentTree │ └── string-width@3.1.0
76 silly currentTree ├── ansi-regex@4.1.0
76 silly currentTree ├── ansi-styles@4.2.1
76 silly currentTree ├── anymatch@3.1.1
76 silly currentTree ├── array-flatten@1.1.1
76 silly currentTree ├── balanced-match@1.0.0
76 silly currentTree ├── binary-extensions@2.0.0
76 silly currentTree ├── bl@2.2.0
76 silly currentTree ├── bluebird@3.5.1
76 silly currentTree ├── body-parser@1.19.0
76 silly currentTree ├── boxen@4.2.0
76 silly currentTree ├── brace-expansion@1.1.11
76 silly currentTree ├── braces@3.0.2
76 silly currentTree ├── bson@1.1.4
76 silly currentTree ├── bytes@3.1.0
76 silly currentTree ├─┬ cacheable-request@6.1.0
76 silly currentTree │ ├── get-stream@5.1.0
76 silly currentTree │ └── lowercase-keys@2.0.0
76 silly currentTree ├── camelcase@5.3.1
76 silly currentTree ├─┬ chalk@3.0.0
76 silly currentTree │ ├── has-flag@4.0.0
76 silly currentTree │ └── supports-color@7.1.0
76 silly currentTree ├── chokidar@3.4.0
76 silly currentTree ├── ci-info@2.0.0
76 silly currentTree ├── cli-boxes@2.2.0
76 silly currentTree ├── clone-response@1.0.2
76 silly currentTree ├── color-convert@2.0.1
76 silly currentTree ├── color-name@1.1.4
76 silly currentTree ├── concat-map@0.0.1
76 silly currentTree ├── configstore@5.0.1
76 silly currentTree ├── content-disposition@0.5.3
76 silly currentTree ├── content-type@1.0.4
76 silly currentTree ├── cookie-signature@1.0.6
76 silly currentTree ├── cookie@0.4.0
76 silly currentTree ├── core-util-is@1.0.2
76 silly currentTree ├── cors@2.8.5
76 silly currentTree ├── crypto-random-string@2.0.0
76 silly currentTree ├── debug@2.6.9
76 silly currentTree ├── decompress-response@3.3.0
76 silly currentTree ├── deep-extend@0.6.0
76 silly currentTree ├── defer-to-connect@1.1.3
76 silly currentTree ├── denque@1.4.1
76 silly currentTree ├── depd@1.1.2
76 silly currentTree ├── destroy@1.0.4
76 silly currentTree ├── dot-prop@5.2.0
76 silly currentTree ├── dotenv@8.2.0
76 silly currentTree ├── duplexer3@0.1.4
76 silly currentTree ├── ee-first@1.1.1
76 silly currentTree ├── emoji-regex@7.0.3
76 silly currentTree ├── encodeurl@1.0.2
76 silly currentTree ├── end-of-stream@1.4.4
76 silly currentTree ├── escape-goat@2.1.1
76 silly currentTree ├── escape-html@1.0.3
76 silly currentTree ├── etag@1.8.1
76 silly currentTree ├── express@4.17.1
76 silly currentTree ├── fill-range@7.0.1
76 silly currentTree ├── finalhandler@1.1.2
76 silly currentTree ├── forwarded@0.1.2
76 silly currentTree ├── fresh@0.5.2
76 silly currentTree ├── get-stream@4.1.0
76 silly currentTree ├── glob-parent@5.1.1
76 silly currentTree ├── global-dirs@2.0.1
76 silly currentTree ├── got@9.6.0
76 silly currentTree ├── graceful-fs@4.2.3
76 silly currentTree ├── has-flag@3.0.0
76 silly currentTree ├── has-yarn@2.1.0
76 silly currentTree ├── http-cache-semantics@4.1.0
76 silly currentTree ├── http-errors@1.7.2
76 silly currentTree ├── iconv-lite@0.4.24
76 silly currentTree ├── ignore-by-default@1.0.1
76 silly currentTree ├── import-lazy@2.1.0
76 silly currentTree ├── imurmurhash@0.1.4
76 silly currentTree ├── inherits@2.0.3
76 silly currentTree ├── ini@1.3.5
76 silly currentTree ├── ipaddr.js@1.9.1
76 silly currentTree ├── is-binary-path@2.1.0
76 silly currentTree ├── is-ci@2.0.0
76 silly currentTree ├── is-extglob@2.1.1
76 silly currentTree ├── is-fullwidth-code-point@2.0.0
76 silly currentTree ├── is-glob@4.0.1
76 silly currentTree ├── is-installed-globally@0.3.2
76 silly currentTree ├── is-npm@4.0.0
76 silly currentTree ├── is-number@7.0.0
76 silly currentTree ├── is-obj@2.0.0
76 silly currentTree ├── is-path-inside@3.0.2
76 silly currentTree ├── is-typedarray@1.0.0
76 silly currentTree ├── is-yarn-global@0.3.0
76 silly currentTree ├── isarray@1.0.0
76 silly currentTree ├── json-buffer@3.0.0
76 silly currentTree ├── kareem@2.3.1
76 silly currentTree ├── keyv@3.1.0
76 silly currentTree ├── latest-version@5.1.0
76 silly currentTree ├── lowercase-keys@1.0.1
76 silly currentTree ├─┬ make-dir@3.1.0
76 silly currentTree │ └── semver@6.3.0
76 silly currentTree ├── media-typer@0.3.0
76 silly currentTree ├── memory-pager@1.5.0
76 silly currentTree ├── merge-descriptors@1.0.1
76 silly currentTree ├── methods@1.1.2
76 silly currentTree ├── mime-db@1.44.0
76 silly currentTree ├── mime-types@2.1.27
76 silly currentTree ├── mime@1.6.0
76 silly currentTree ├── mimic-response@1.0.1
76 silly currentTree ├── minimatch@3.0.4
76 silly currentTree ├── minimist@1.2.5
76 silly currentTree ├── mongodb@3.5.6
76 silly currentTree ├── mongoose-legacy-pluralize@1.0.2
76 silly currentTree ├─┬ mongoose@5.9.10
76 silly currentTree │ └── ms@2.1.2
76 silly currentTree ├── mpath@0.7.0
76 silly currentTree ├─┬ mquery@3.2.2
76 silly currentTree │ └── debug@3.1.0
76 silly currentTree ├── ms@2.0.0
76 silly currentTree ├── negotiator@0.6.2
76 silly currentTree ├─┬ nodemon@2.0.3
76 silly currentTree │ ├── debug@3.2.6
76 silly currentTree │ └── ms@2.1.2
76 silly currentTree ├── nopt@1.0.10
76 silly currentTree ├── normalize-path@3.0.0
76 silly currentTree ├── normalize-url@4.5.0
76 silly currentTree ├── object-assign@4.1.1
76 silly currentTree ├── on-finished@2.3.0
76 silly currentTree ├── once@1.4.0
76 silly currentTree ├── p-cancelable@1.1.0
76 silly currentTree ├─┬ package-json@6.5.0
76 silly currentTree │ └── semver@6.3.0
76 silly currentTree ├── parseurl@1.3.3
76 silly currentTree ├── path-to-regexp@0.1.7
76 silly currentTree ├── picomatch@2.2.2
76 silly currentTree ├── prepend-http@2.0.0
76 silly currentTree ├── process-nextick-args@2.0.1
76 silly currentTree ├── proxy-addr@2.0.6
76 silly currentTree ├── pstree.remy@1.1.7
76 silly currentTree ├── pump@3.0.0
76 silly currentTree ├── pupa@2.0.1
76 silly currentTree ├── qs@6.7.0
76 silly currentTree ├── range-parser@1.2.1
76 silly currentTree ├── raw-body@2.4.0
76 silly currentTree ├── rc@1.2.8
76 silly currentTree ├── readable-stream@2.3.7
76 silly currentTree ├── readdirp@3.4.0
76 silly currentTree ├── regexp-clone@1.0.0
76 silly currentTree ├── registry-auth-token@4.1.1
76 silly currentTree ├── registry-url@5.1.0
76 silly currentTree ├── require_optional@1.0.1
76 silly currentTree ├── resolve-from@2.0.0
76 silly currentTree ├── responselike@1.0.2
76 silly currentTree ├── safe-buffer@5.1.2
76 silly currentTree ├── safer-buffer@2.1.2
76 silly currentTree ├── saslprep@1.0.3
76 silly currentTree ├─┬ semver-diff@3.1.1
76 silly currentTree │ └── semver@6.3.0
76 silly currentTree ├── semver@5.7.1
76 silly currentTree ├─┬ send@0.17.1
76 silly currentTree │ └── ms@2.1.1
76 silly currentTree ├── serve-static@1.14.1
76 silly currentTree ├── setprototypeof@1.1.1
76 silly currentTree ├── sift@7.0.1
76 silly currentTree ├── signal-exit@3.0.3
76 silly currentTree ├── sliced@1.0.1
76 silly currentTree ├── sparse-bitfield@3.0.3
76 silly currentTree ├── statuses@1.5.0
76 silly currentTree ├── string_decoder@1.1.1
76 silly currentTree ├─┬ string-width@4.2.0
76 silly currentTree │ ├── ansi-regex@5.0.0
76 silly currentTree │ ├── emoji-regex@8.0.0
76 silly currentTree │ ├── is-fullwidth-code-point@3.0.0
76 silly currentTree │ └── strip-ansi@6.0.0
76 silly currentTree ├── strip-ansi@5.2.0
76 silly currentTree ├── strip-json-comments@2.0.1
76 silly currentTree ├── supports-color@5.5.0
76 silly currentTree ├── term-size@2.2.0
76 silly currentTree ├── to-readable-stream@1.0.0
76 silly currentTree ├── to-regex-range@5.0.1
76 silly currentTree ├── toidentifier@1.0.0
76 silly currentTree ├── touch@3.1.0
76 silly currentTree ├── type-fest@0.8.1
76 silly currentTree ├── type-is@1.6.18
76 silly currentTree ├── typedarray-to-buffer@3.1.5
76 silly currentTree ├── undefsafe@2.0.3
76 silly currentTree ├── unique-string@2.0.0
76 silly currentTree ├── unpipe@1.0.0
76 silly currentTree ├── update-notifier@4.1.0
76 silly currentTree ├── url-parse-lax@3.0.0
76 silly currentTree ├── util-deprecate@1.0.2
76 silly currentTree ├── utils-merge@1.0.1
76 silly currentTree ├── validator@13.0.0
76 silly currentTree ├── vary@1.1.2
76 silly currentTree ├── widest-line@3.1.0
76 silly currentTree ├── wrappy@1.0.2
76 silly currentTree ├── write-file-atomic@3.0.3
76 silly currentTree └── xdg-basedir@4.0.0
77 silly idealTree server@1.0.0
77 silly idealTree ├── @sindresorhus/is@0.14.0
77 silly idealTree ├── @szmarczak/http-timer@1.1.2
77 silly idealTree ├── @types/color-name@1.1.1
77 silly idealTree ├── abbrev@1.1.1
77 silly idealTree ├── accepts@1.3.7
77 silly idealTree ├─┬ ansi-align@3.0.0
77 silly idealTree │ └── string-width@3.1.0
77 silly idealTree ├── ansi-regex@4.1.0
77 silly idealTree ├── ansi-styles@4.2.1
77 silly idealTree ├── anymatch@3.1.1
77 silly idealTree ├── array-flatten@1.1.1
77 silly idealTree ├── balanced-match@1.0.0
77 silly idealTree ├── bcryptjs@2.4.3
77 silly idealTree ├── binary-extensions@2.0.0
77 silly idealTree ├── bl@2.2.0
77 silly idealTree ├── bluebird@3.5.1
77 silly idealTree ├── body-parser@1.19.0
77 silly idealTree ├── boxen@4.2.0
77 silly idealTree ├── brace-expansion@1.1.11
77 silly idealTree ├── braces@3.0.2
77 silly idealTree ├── bson@1.1.4
77 silly idealTree ├── bytes@3.1.0
77 silly idealTree ├─┬ cacheable-request@6.1.0
77 silly idealTree │ ├── get-stream@5.1.0
77 silly idealTree │ └── lowercase-keys@2.0.0
77 silly idealTree ├── camelcase@5.3.1
77 silly idealTree ├─┬ chalk@3.0.0
77 silly idealTree │ ├── has-flag@4.0.0
77 silly idealTree │ └── supports-color@7.1.0
77 silly idealTree ├── chokidar@3.4.0
77 silly idealTree ├── ci-info@2.0.0
77 silly idealTree ├── cli-boxes@2.2.0
77 silly idealTree ├── clone-response@1.0.2
77 silly idealTree ├── color-convert@2.0.1
77 silly idealTree ├── color-name@1.1.4
77 silly idealTree ├── concat-map@0.0.1
77 silly idealTree ├── configstore@5.0.1
77 silly idealTree ├── content-disposition@0.5.3
77 silly idealTree ├── content-type@1.0.4
77 silly idealTree ├── cookie-signature@1.0.6
77 silly idealTree ├── cookie@0.4.0
77 silly idealTree ├── core-util-is@1.0.2
77 silly idealTree ├── cors@2.8.5
77 silly idealTree ├── crypto-random-string@2.0.0
77 silly idealTree ├── debug@2.6.9
77 silly idealTree ├── decompress-response@3.3.0
77 silly idealTree ├── deep-extend@0.6.0
77 silly idealTree ├── defer-to-connect@1.1.3
77 silly idealTree ├── denque@1.4.1
77 silly idealTree ├── depd@1.1.2
77 silly idealTree ├── destroy@1.0.4
77 silly idealTree ├── dot-prop@5.2.0
77 silly idealTree ├── dotenv@8.2.0
77 silly idealTree ├── duplexer3@0.1.4
77 silly idealTree ├── ee-first@1.1.1
77 silly idealTree ├── emoji-regex@7.0.3
77 silly idealTree ├── encodeurl@1.0.2
77 silly idealTree ├── end-of-stream@1.4.4
77 silly idealTree ├── escape-goat@2.1.1
77 silly idealTree ├── escape-html@1.0.3
77 silly idealTree ├── etag@1.8.1
77 silly idealTree ├── express@4.17.1
77 silly idealTree ├── fill-range@7.0.1
77 silly idealTree ├── finalhandler@1.1.2
77 silly idealTree ├── forwarded@0.1.2
77 silly idealTree ├── fresh@0.5.2
77 silly idealTree ├── get-stream@4.1.0
77 silly idealTree ├── glob-parent@5.1.1
77 silly idealTree ├── global-dirs@2.0.1
77 silly idealTree ├── got@9.6.0
77 silly idealTree ├── graceful-fs@4.2.3
77 silly idealTree ├── has-flag@3.0.0
77 silly idealTree ├── has-yarn@2.1.0
77 silly idealTree ├── http-cache-semantics@4.1.0
77 silly idealTree ├── http-errors@1.7.2
77 silly idealTree ├── iconv-lite@0.4.24
77 silly idealTree ├── ignore-by-default@1.0.1
77 silly idealTree ├── import-lazy@2.1.0
77 silly idealTree ├── imurmurhash@0.1.4
77 silly idealTree ├── inherits@2.0.3
77 silly idealTree ├── ini@1.3.5
77 silly idealTree ├── ipaddr.js@1.9.1
77 silly idealTree ├── is-binary-path@2.1.0
77 silly idealTree ├── is-ci@2.0.0
77 silly idealTree ├── is-extglob@2.1.1
77 silly idealTree ├── is-fullwidth-code-point@2.0.0
77 silly idealTree ├── is-glob@4.0.1
77 silly idealTree ├── is-installed-globally@0.3.2
77 silly idealTree ├── is-npm@4.0.0
77 silly idealTree ├── is-number@7.0.0
77 silly idealTree ├── is-obj@2.0.0
77 silly idealTree ├── is-path-inside@3.0.2
77 silly idealTree ├── is-typedarray@1.0.0
77 silly idealTree ├── is-yarn-global@0.3.0
77 silly idealTree ├── isarray@1.0.0
77 silly idealTree ├── json-buffer@3.0.0
77 silly idealTree ├── kareem@2.3.1
77 silly idealTree ├── keyv@3.1.0
77 silly idealTree ├── latest-version@5.1.0
77 silly idealTree ├── lowercase-keys@1.0.1
77 silly idealTree ├─┬ make-dir@3.1.0
77 silly idealTree │ └── semver@6.3.0
77 silly idealTree ├── media-typer@0.3.0
77 silly idealTree ├── memory-pager@1.5.0
77 silly idealTree ├── merge-descriptors@1.0.1
77 silly idealTree ├── methods@1.1.2
77 silly idealTree ├── mime-db@1.44.0
77 silly idealTree ├── mime-types@2.1.27
77 silly idealTree ├── mime@1.6.0
77 silly idealTree ├── mimic-response@1.0.1
77 silly idealTree ├── minimatch@3.0.4
77 silly idealTree ├── minimist@1.2.5
77 silly idealTree ├── mongodb@3.5.6
77 silly idealTree ├── mongoose-legacy-pluralize@1.0.2
77 silly idealTree ├─┬ mongoose@5.9.10
77 silly idealTree │ └── ms@2.1.2
77 silly idealTree ├── mpath@0.7.0
77 silly idealTree ├─┬ mquery@3.2.2
77 silly idealTree │ └── debug@3.1.0
77 silly idealTree ├── ms@2.0.0
77 silly idealTree ├── negotiator@0.6.2
77 silly idealTree ├─┬ nodemon@2.0.3
77 silly idealTree │ ├── debug@3.2.6
77 silly idealTree │ └── ms@2.1.2
77 silly idealTree ├── nopt@1.0.10
77 silly idealTree ├── normalize-path@3.0.0
77 silly idealTree ├── normalize-url@4.5.0
77 silly idealTree ├── object-assign@4.1.1
77 silly idealTree ├── on-finished@2.3.0
77 silly idealTree ├── once@1.4.0
77 silly idealTree ├── p-cancelable@1.1.0
77 silly idealTree ├─┬ package-json@6.5.0
77 silly idealTree │ └── semver@6.3.0
77 silly idealTree ├── parseurl@1.3.3
77 silly idealTree ├── path-to-regexp@0.1.7
77 silly idealTree ├── picomatch@2.2.2
77 silly idealTree ├── prepend-http@2.0.0
77 silly idealTree ├── process-nextick-args@2.0.1
77 silly idealTree ├── proxy-addr@2.0.6
77 silly idealTree ├── pstree.remy@1.1.7
77 silly idealTree ├── pump@3.0.0
77 silly idealTree ├── pupa@2.0.1
77 silly idealTree ├── qs@6.7.0
77 silly idealTree ├── range-parser@1.2.1
77 silly idealTree ├── raw-body@2.4.0
77 silly idealTree ├── rc@1.2.8
77 silly idealTree ├── readable-stream@2.3.7
77 silly idealTree ├── readdirp@3.4.0
77 silly idealTree ├── regexp-clone@1.0.0
77 silly idealTree ├── registry-auth-token@4.1.1
77 silly idealTree ├── registry-url@5.1.0
77 silly idealTree ├── require_optional@1.0.1
77 silly idealTree ├── resolve-from@2.0.0
77 silly idealTree ├── responselike@1.0.2
77 silly idealTree ├── safe-buffer@5.1.2
77 silly idealTree ├── safer-buffer@2.1.2
77 silly idealTree ├── saslprep@1.0.3
77 silly idealTree ├─┬ semver-diff@3.1.1
77 silly idealTree │ └── semver@6.3.0
77 silly idealTree ├── semver@5.7.1
77 silly idealTree ├─┬ send@0.17.1
77 silly idealTree │ └── ms@2.1.1
77 silly idealTree ├── serve-static@1.14.1
77 silly idealTree ├── setprototypeof@1.1.1
77 silly idealTree ├── sift@7.0.1
77 silly idealTree ├── signal-exit@3.0.3
77 silly idealTree ├── sliced@1.0.1
77 silly idealTree ├── sparse-bitfield@3.0.3
77 silly idealTree ├── statuses@1.5.0
77 silly idealTree ├── string_decoder@1.1.1
77 silly idealTree ├─┬ string-width@4.2.0
77 silly idealTree │ ├── ansi-regex@5.0.0
77 silly idealTree │ ├── emoji-regex@8.0.0
77 silly idealTree │ ├── is-fullwidth-code-point@3.0.0
77 silly idealTree │ └── strip-ansi@6.0.0
77 silly idealTree ├── strip-ansi@5.2.0
77 silly idealTree ├── strip-json-comments@2.0.1
77 silly idealTree ├── supports-color@5.5.0
77 silly idealTree ├── term-size@2.2.0
77 silly idealTree ├── to-readable-stream@1.0.0
77 silly idealTree ├── to-regex-range@5.0.1
77 silly idealTree ├── toidentifier@1.0.0
77 silly idealTree ├── touch@3.1.0
77 silly idealTree ├── type-fest@0.8.1
77 silly idealTree ├── type-is@1.6.18
77 silly idealTree ├── typedarray-to-buffer@3.1.5
77 silly idealTree ├── undefsafe@2.0.3
77 silly idealTree ├── unique-string@2.0.0
77 silly idealTree ├── unpipe@1.0.0
77 silly idealTree ├── update-notifier@4.1.0
77 silly idealTree ├── url-parse-lax@3.0.0
77 silly idealTree ├── util-deprecate@1.0.2
77 silly idealTree ├── utils-merge@1.0.1
77 silly idealTree ├── validator@13.0.0
77 silly idealTree ├── vary@1.1.2
77 silly idealTree ├── widest-line@3.1.0
77 silly idealTree ├── wrappy@1.0.2
77 silly idealTree ├── write-file-atomic@3.0.3
77 silly idealTree └── xdg-basedir@4.0.0
78 silly generateActionsToTake Starting
79 silly install generateActionsToTake
80 warn checkPermissions Missing write access to /home/choubi/Rendu/rush-mern/MicroBloggos/server/node_modules/body-parser
81 warn checkPermissions Missing write access to /home/choubi/Rendu/rush-mern/MicroBloggos/server/node_modules/nodemon
82 warn checkPermissions Missing write access to /home/choubi/Rendu/rush-mern/MicroBloggos/server/node_modules/cors
83 warn checkPermissions Missing write access to /home/choubi/Rendu/rush-mern/MicroBloggos/server/node_modules/dotenv
84 warn checkPermissions Missing write access to /home/choubi/Rendu/rush-mern/MicroBloggos/server/node_modules/express
85 warn checkPermissions Missing write access to /home/choubi/Rendu/rush-mern/MicroBloggos/server/node_modules/mongoose
86 warn checkPermissions Missing write access to /home/choubi/Rendu/rush-mern/MicroBloggos/server/node_modules/validator
87 warn checkPermissions Missing write access to /home/choubi/Rendu/rush-mern/MicroBloggos/server/node_modules
88 silly rollbackFailedOptional Starting
89 silly rollbackFailedOptional Finishing
90 silly runTopLevelLifecycles Starting
91 silly runTopLevelLifecycles Finishing
92 silly install printInstalled
93 warn optional Skipping failed optional dependency /chokidar/fsevents:
94 warn notsup Not compatible with your operating system or architecture: fsevents@2.1.3
95 warn server@1.0.0 No description
96 warn server@1.0.0 No repository field.
97 verbose stack Error: EACCES: permission denied, access '/home/choubi/Rendu/rush-mern/MicroBloggos/server/node_modules/body-parser'
98 verbose cwd /home/choubi/Rendu/rush-mern/MicroBloggos/server
99 error Linux 5.3.0-46-generic
100 error argv "/usr/bin/node" "/usr/bin/npm" "i" "--save" "bcryptjs"
101 error node v8.10.0
102 error npm  v3.5.2
103 error path /home/choubi/Rendu/rush-mern/MicroBloggos/server/node_modules/body-parser
104 error code EACCES
105 error errno -13
106 error syscall access
107 error Error: EACCES: permission denied, access '/home/choubi/Rendu/rush-mern/MicroBloggos/server/node_modules/body-parser'
107 error  { Error: EACCES: permission denied, access '/home/choubi/Rendu/rush-mern/MicroBloggos/server/node_modules/body-parser'
107 error   errno: -13,
107 error   code: 'EACCES',
107 error   syscall: 'access',
107 error   path: '/home/choubi/Rendu/rush-mern/MicroBloggos/server/node_modules/body-parser' }
108 error Please try running this command again as root/Administrator.
109 verbose exit [ -13, true ]
